<?xml version="1.0" encoding="utf-8"?><testsuites name="pytest tests"><testsuite name="pytest" errors="0" failures="0" skipped="0" tests="18" time="3.277" timestamp="2026-01-29T18:35:05.020169+00:00" hostname="agent-env-e5783650-dbad-4cee-8091-77dfe669baba"><testcase classname="backend.tests.test_coa_reconciliation.TestCOAReconciliationAuth" name="test_login_success" time="0.345" /><testcase classname="backend.tests.test_coa_reconciliation.TestCOAReconciliationList" name="test_get_coa_reconciliation_paginated" time="0.398" /><testcase classname="backend.tests.test_coa_reconciliation.TestCOAReconciliationList" name="test_get_coa_reconciliation_item_structure" time="0.047" /><testcase classname="backend.tests.test_coa_reconciliation.TestCOAReconciliationList" name="test_get_coa_reconciliation_status_filter_critical" time="0.059" /><testcase classname="backend.tests.test_coa_reconciliation.TestCOAReconciliationList" name="test_get_coa_reconciliation_status_filter_warning" time="0.050" /><testcase classname="backend.tests.test_coa_reconciliation.TestCOAReconciliationList" name="test_get_coa_reconciliation_status_filter_normal" time="0.054" /><testcase classname="backend.tests.test_coa_reconciliation.TestCOAReconciliationList" name="test_get_coa_reconciliation_search_filter" time="0.052" /><testcase classname="backend.tests.test_coa_reconciliation.TestCOAReconciliationKPIs" name="test_get_kpis_returns_all_metrics" time="0.424" /><testcase classname="backend.tests.test_coa_reconciliation.TestCOAReconciliationKPIs" name="test_get_kpis_umpire_status_structure" time="0.044" /><testcase classname="backend.tests.test_coa_reconciliation.TestCOAReconciliationKPIs" name="test_get_kpis_worst_supplier_structure" time="0.041" /><testcase classname="backend.tests.test_coa_reconciliation.TestCOAReconciliationTrend" name="test_get_trend_data" time="0.314" /><testcase classname="backend.tests.test_coa_reconciliation.TestCOAReconciliationSupplierConsistency" name="test_get_supplier_consistency" time="0.308" /><testcase classname="backend.tests.test_coa_reconciliation.TestCOAReconciliationDetail" name="test_get_detail_with_radar_chart" time="0.372" /><testcase classname="backend.tests.test_coa_reconciliation.TestCOAReconciliationDetail" name="test_get_detail_not_found" time="0.082" /><testcase classname="backend.tests.test_coa_reconciliation.TestCOAReconciliationUmpire" name="test_propose_umpire_success" time="0.396" /><testcase classname="backend.tests.test_coa_reconciliation.TestCOAReconciliationUmpire" name="test_propose_umpire_invalid_id" time="0.048" /><testcase classname="backend.tests.test_coa_reconciliation.TestCOAReconciliationUnauthorized" name="test_get_coa_reconciliation_unauthorized" time="0.041" /><testcase classname="backend.tests.test_coa_reconciliation.TestCOAReconciliationUnauthorized" name="test_get_kpis_unauthorized" time="0.038" /></testsuite></testsuites>