<?xml version="1.0" encoding="utf-8"?><testsuites name="pytest tests"><testsuite name="pytest" errors="0" failures="0" skipped="0" tests="10" time="3.740" timestamp="2026-01-28T21:45:03.701943+00:00" hostname="agent-env-e7306ba3-646e-4dde-b610-8dd87fba15ec"><testcase classname="backend.tests.test_dashboard_advanced.TestDashboardAdvanced" name="test_login_success" time="0.556" /><testcase classname="backend.tests.test_dashboard_advanced.TestDashboardAdvanced" name="test_dashboard_advanced_endpoint" time="0.336" /><testcase classname="backend.tests.test_dashboard_advanced.TestDashboardAdvanced" name="test_contract_monitoring_gauge" time="0.334" /><testcase classname="backend.tests.test_dashboard_advanced.TestDashboardAdvanced" name="test_six_months_summary" time="0.336" /><testcase classname="backend.tests.test_dashboard_advanced.TestDashboardAdvanced" name="test_fuel_composition_donut" time="0.373" /><testcase classname="backend.tests.test_dashboard_advanced.TestDashboardAdvanced" name="test_gcv_trend_line_chart" time="0.330" /><testcase classname="backend.tests.test_dashboard_advanced.TestDashboardAdvanced" name="test_supplier_economy_bar_chart" time="0.346" /><testcase classname="backend.tests.test_dashboard_advanced.TestDashboardAdvanced" name="test_slagging_matrix_heatmap" time="0.367" /><testcase classname="backend.tests.test_dashboard_advanced.TestDashboardAdvanced" name="test_filter_moda_options" time="0.326" /><testcase classname="backend.tests.test_dashboard_advanced.TestDashboardAdvanced" name="test_dashboard_stats_endpoint" time="0.315" /></testsuite></testsuites>