<?xml version="1.0" encoding="utf-8"?><testsuites name="pytest tests"><testsuite name="pytest" errors="0" failures="0" skipped="0" tests="12" time="3.991" timestamp="2026-01-28T21:33:34.536952+00:00" hostname="agent-env-e7306ba3-646e-4dde-b610-8dd87fba15ec"><testcase classname="backend.tests.test_merit_order.TestMeritOrderAPI" name="test_01_login_success" time="0.543" /><testcase classname="backend.tests.test_merit_order.TestMeritOrderAPI" name="test_02_get_merit_orders_list" time="0.275" /><testcase classname="backend.tests.test_merit_order.TestMeritOrderAPI" name="test_03_merit_order_data_structure" time="0.267" /><testcase classname="backend.tests.test_merit_order.TestMeritOrderAPI" name="test_04_merit_order_moda_values" time="0.317" /><testcase classname="backend.tests.test_merit_order.TestMeritOrderAPI" name="test_05_merit_order_kontrak_values" time="0.281" /><testcase classname="backend.tests.test_merit_order.TestMeritOrderAPI" name="test_06_create_merit_order" time="0.335" /><testcase classname="backend.tests.test_merit_order.TestMeritOrderAPI" name="test_07_get_merit_order_by_id" time="0.294" /><testcase classname="backend.tests.test_merit_order.TestMeritOrderAPI" name="test_08_update_merit_order" time="0.390" /><testcase classname="backend.tests.test_merit_order.TestMeritOrderAPI" name="test_09_delete_merit_order" time="0.340" /><testcase classname="backend.tests.test_merit_order.TestMeritOrderAPI" name="test_10_get_merit_order_not_found" time="0.273" /><testcase classname="backend.tests.test_merit_order.TestMeritOrderAPI" name="test_11_merit_order_periods_endpoint" time="0.272" /><testcase classname="backend.tests.test_merit_order.TestMeritOrderAPI" name="test_12_filter_by_search" time="0.337" /></testsuite></testsuites>