<?xml version="1.0" encoding="utf-8"?><testsuites name="pytest tests"><testsuite name="pytest" errors="0" failures="1" skipped="0" tests="12" time="4.281" timestamp="2026-01-28T21:33:05.413992+00:00" hostname="agent-env-e7306ba3-646e-4dde-b610-8dd87fba15ec"><testcase classname="backend.tests.test_merit_order.TestMeritOrderAPI" name="test_01_login_success" time="0.649" /><testcase classname="backend.tests.test_merit_order.TestMeritOrderAPI" name="test_02_get_merit_orders_list" time="0.277" /><testcase classname="backend.tests.test_merit_order.TestMeritOrderAPI" name="test_03_merit_order_data_structure" time="0.276" /><testcase classname="backend.tests.test_merit_order.TestMeritOrderAPI" name="test_04_merit_order_moda_values" time="0.277"><failure message="AssertionError: Invalid moda value: Vessel Hand Size&#10;assert 'Vessel Hand Size' in {'Tongkang', 'Trucking', 'Vessel'}">backend/tests/test_merit_order.py:99: in test_04_merit_order_moda_values
    assert moda in valid_moda, f"Invalid moda value: {moda}"
E   AssertionError: Invalid moda value: Vessel Hand Size
E   assert 'Vessel Hand Size' in {'Tongkang', 'Trucking', 'Vessel'}</failure></testcase><testcase classname="backend.tests.test_merit_order.TestMeritOrderAPI" name="test_05_merit_order_kontrak_values" time="0.278" /><testcase classname="backend.tests.test_merit_order.TestMeritOrderAPI" name="test_06_create_merit_order" time="0.341" /><testcase classname="backend.tests.test_merit_order.TestMeritOrderAPI" name="test_07_get_merit_order_by_id" time="0.339" /><testcase classname="backend.tests.test_merit_order.TestMeritOrderAPI" name="test_08_update_merit_order" time="0.403" /><testcase classname="backend.tests.test_merit_order.TestMeritOrderAPI" name="test_09_delete_merit_order" time="0.372" /><testcase classname="backend.tests.test_merit_order.TestMeritOrderAPI" name="test_10_get_merit_order_not_found" time="0.275" /><testcase classname="backend.tests.test_merit_order.TestMeritOrderAPI" name="test_11_merit_order_periods_endpoint" time="0.272" /><testcase classname="backend.tests.test_merit_order.TestMeritOrderAPI" name="test_12_filter_by_search" time="0.373" /></testsuite></testsuites>