<?xml version="1.0" encoding="utf-8"?><testsuites name="pytest tests"><testsuite name="pytest" errors="0" failures="0" skipped="0" tests="10" time="3.854" timestamp="2026-01-28T21:17:32.735077+00:00" hostname="agent-env-e7306ba3-646e-4dde-b610-8dd87fba15ec"><testcase classname="backend.tests.test_po_batubara.TestPOBatubaraAPI" name="test_login_with_admin_credentials" time="0.593" /><testcase classname="backend.tests.test_po_batubara.TestPOBatubaraAPI" name="test_get_po_batubara_years" time="0.312" /><testcase classname="backend.tests.test_po_batubara.TestPOBatubaraAPI" name="test_get_po_batubara_by_year_month" time="0.354" /><testcase classname="backend.tests.test_po_batubara.TestPOBatubaraAPI" name="test_get_po_batubara_all" time="0.323" /><testcase classname="backend.tests.test_po_batubara.TestPOBatubaraAPI" name="test_create_po_batubara" time="0.360" /><testcase classname="backend.tests.test_po_batubara.TestPOBatubaraAPI" name="test_get_po_batubara_by_id" time="0.345" /><testcase classname="backend.tests.test_po_batubara.TestPOBatubaraAPI" name="test_update_po_batubara" time="0.389" /><testcase classname="backend.tests.test_po_batubara.TestPOBatubaraAPI" name="test_delete_po_batubara" time="0.389" /><testcase classname="backend.tests.test_po_batubara.TestPOBatubaraAPI" name="test_yearly_totals_calculation" time="0.314" /><testcase classname="backend.tests.test_po_batubara.TestPOBatubaraAPI" name="test_monthly_totals_calculation" time="0.342" /></testsuite></testsuites>